Arguments: 
  /usr/local/bin/node /usr/share/yarn/bin/yarn.js add jquery

PATH: 
  /home/sage/.autojump/bin:/home/sage/bin:/home/sage/.local/bin:/usr/local/sbin:/usr/local/bin:/usr/sbin:/usr/bin:/sbin:/bin:/usr/games:/usr/local/games:/snap/bin

Yarn version: 
  1.5.1

Node version: 
  9.11.1

Platform: 
  linux x64

npm manifest: 
  No manifest

yarn manifest: 
  No manifest

Lockfile: 
  No lockfile

Trace: 
  Error: connect ENETUNREACH 2400:cb00:2048:1::6812:5e60:443 - Local (:::0)
      at internalConnect (net.js:940:16)
      at defaultTriggerAsyncIdScope (internal/async_hooks.js:281:19)
      at emitLookup (net.js:1093:9)
      at /usr/share/yarn/lib/cli.js:101917:29
      at /usr/share/yarn/lib/cli.js:101763:25
      at RawTask.module.exports.RawTask.call (/usr/share/yarn/lib/cli.js:82623:19)
      at flush (/usr/share/yarn/lib/cli.js:82705:29)
      at process._tickCallback (internal/process/next_tick.js:176:11)
